<?xml version="1.0" encoding="UTF-8"?>
<!-- Generated by org.testng.reporters.JUnitReportReporter -->
<testsuite skipped="0" hostname="sony-VAIO" name="com.actitime.scripts.LoginTest" tests="2" failures="0" timestamp="18 May 2019 18:16:36 GMT" time="27.275" errors="0">
  <testcase name="validLogin" time="16.401" classname="com.actitime.scripts.LoginTest"/>
  <testcase name="invalidLogin" time="10.874" classname="com.actitime.scripts.LoginTest"/>
</testsuite> <!-- com.actitime.scripts.LoginTest -->
