<?xml version="1.0" encoding="UTF-8"?>
<!-- Generated by org.testng.reporters.JUnitReportReporter -->
<testsuite skipped="0" hostname="sony-VAIO" name="com.actitime.scripts.LoginTest" tests="2" failures="0" timestamp="08 Jun 2019 07:33:42 GMT" time="54.125" errors="0">
  <testcase name="validLogin" time="45.194" classname="com.actitime.scripts.LoginTest"/>
  <testcase name="invalidLogin" time="8.931" classname="com.actitime.scripts.LoginTest"/>
</testsuite> <!-- com.actitime.scripts.LoginTest -->
